2024-08-01 16:59:05.101 [info] Log level: Info
2024-08-01 16:59:05.101 [info] Validating found git in: "git"
2024-08-01 16:59:05.101 [info] Using git "2.43.0" from "git"
2024-08-01 16:59:05.101 [info] > git rev-parse --show-toplevel [1ms]
2024-08-01 16:59:05.101 [info] > git rev-parse --git-dir --git-common-dir [2ms]
2024-08-01 16:59:05.101 [info] Open repository: /workspace/project
2024-08-01 16:59:05.101 [info] > git config --get commit.template [6ms]
2024-08-01 16:59:05.101 [info] > git rev-parse --show-toplevel [8ms]
2024-08-01 16:59:05.101 [info] > git for-each-ref --format=%(refname)%00%(upstream:short)%00%(objectname)%00%(upstream:track)%00%(upstream:remotename)%00%(upstream:remoteref) refs/heads/main refs/remotes/main [6ms]
2024-08-01 16:59:05.101 [warning] ENOENT: no such file or directory, open '/workspace/project/.git/refs/remotes/origin/main'
2024-08-01 16:59:05.101 [info] > git rev-parse --show-toplevel [7ms]
2024-08-01 16:59:05.101 [info] > git rev-parse refs/remotes/origin/main [7ms]
2024-08-01 16:59:05.101 [info] > git status -z -uall [3ms]
2024-08-01 16:59:05.101 [info] > git for-each-ref --format=%(refname)%00%(upstream:short)%00%(objectname)%00%(upstream:track)%00%(upstream:remotename)%00%(upstream:remoteref) refs/heads/main refs/remotes/main [66ms]
2024-08-01 16:59:05.101 [info] > git config --get commit.template [7ms]
2024-08-01 16:59:05.101 [info] > git config --local branch.main.vscode-merge-base [6ms]
2024-08-01 16:59:05.101 [warning] git config failed: Failed to execute git
2024-08-01 16:59:05.101 [info] > git for-each-ref --format=%(refname)%00%(upstream:short)%00%(objectname)%00%(upstream:track)%00%(upstream:remotename)%00%(upstream:remoteref) refs/heads/main refs/remotes/main [5ms]
2024-08-01 16:59:05.101 [warning] ENOENT: no such file or directory, open '/workspace/project/.git/refs/remotes/origin/main'
2024-08-01 16:59:05.101 [info] > git reflog main --grep-reflog=branch: Created from *. [5ms]
2024-08-01 16:59:05.101 [info] > git rev-parse refs/remotes/origin/main [5ms]
2024-08-01 16:59:05.101 [info] > git symbolic-ref --short refs/remotes/origin/HEAD [6ms]
2024-08-01 16:59:05.101 [info] > git status -z -uall [6ms]
2024-08-01 16:59:05.101 [info] > git for-each-ref --format=%(refname)%00%(upstream:short)%00%(objectname)%00%(upstream:track)%00%(upstream:remotename)%00%(upstream:remoteref) refs/heads/main refs/remotes/main [2ms]
2024-08-01 16:59:05.101 [info] > git for-each-ref --format=%(refname)%00%(upstream:short)%00%(objectname)%00%(upstream:track)%00%(upstream:remotename)%00%(upstream:remoteref) refs/heads/origin/main refs/remotes/origin/main [13ms]
2024-08-01 16:59:05.101 [info] > git config --local branch.main.vscode-merge-base [5ms]
2024-08-01 16:59:05.101 [warning] git config failed: Failed to execute git
2024-08-01 16:59:05.101 [info] > git config --local branch.main.vscode-merge-base origin/main [5ms]
2024-08-01 16:59:05.101 [info] > git reflog main --grep-reflog=branch: Created from *. [6ms]
2024-08-01 16:59:05.101 [info] > git config --get commit.template [6ms]
2024-08-01 16:59:05.101 [info] > git symbolic-ref --short refs/remotes/origin/HEAD [6ms]
2024-08-01 16:59:05.101 [info] > git for-each-ref --format=%(refname)%00%(upstream:short)%00%(objectname)%00%(upstream:track)%00%(upstream:remotename)%00%(upstream:remoteref) refs/heads/main refs/remotes/main [5ms]
2024-08-01 16:59:05.101 [warning] ENOENT: no such file or directory, open '/workspace/project/.git/refs/remotes/origin/main'
2024-08-01 16:59:05.101 [info] > git for-each-ref --format=%(refname)%00%(upstream:short)%00%(objectname)%00%(upstream:track)%00%(upstream:remotename)%00%(upstream:remoteref) refs/heads/origin/main refs/remotes/origin/main [5ms]
2024-08-01 16:59:05.101 [info] > git rev-parse refs/remotes/origin/main [5ms]
2024-08-01 16:59:05.101 [info] > git config --local branch.main.vscode-merge-base origin/main [5ms]
2024-08-01 16:59:05.101 [info] > git status -z -uall [11ms] (cancelled)
2024-08-01 16:59:05.101 [info] > git merge-base refs/heads/main refs/remotes/origin/main [6ms]
2024-08-01 16:59:05.101 [info] > git config --get commit.template [6ms]
2024-08-01 16:59:05.101 [info] > git rev-list --count --left-right refs/heads/main...refs/remotes/origin/main [5ms]
2024-08-01 16:59:05.101 [info] > git for-each-ref --format=%(refname)%00%(upstream:short)%00%(objectname)%00%(upstream:track)%00%(upstream:remotename)%00%(upstream:remoteref) refs/heads/main refs/remotes/main [5ms]
2024-08-01 16:59:05.101 [warning] ENOENT: no such file or directory, open '/workspace/project/.git/refs/remotes/origin/main'
2024-08-01 16:59:05.101 [info] > git diff --name-status -z --diff-filter=ADMR 8d4fd5c9cbd4603c33190bb9d70bbbf3ade80fb2...refs/remotes/origin/main [5ms]
2024-08-01 16:59:05.101 [info] > git rev-parse refs/remotes/origin/main [2ms]
2024-08-01 16:59:05.101 [info] > git status -z -uall [2ms]
2024-08-01 16:59:05.101 [info] > git for-each-ref --format=%(refname)%00%(upstream:short)%00%(objectname)%00%(upstream:track)%00%(upstream:remotename)%00%(upstream:remoteref) refs/heads/main refs/remotes/main [2ms]
2024-08-01 16:59:05.101 [info] > git config --local branch.main.vscode-merge-base [1ms]
2024-08-01 16:59:05.101 [info] > git for-each-ref --format=%(refname)%00%(upstream:short)%00%(objectname)%00%(upstream:track)%00%(upstream:remotename)%00%(upstream:remoteref) refs/heads/origin/main refs/remotes/origin/main [2ms]
2024-08-01 16:59:05.610 [info] > git check-ignore -v -z --stdin [3ms]
2024-08-01 16:59:06.154 [info] > git config --get commit.template [7ms]
2024-08-01 16:59:06.155 [info] > git for-each-ref --format=%(refname)%00%(upstream:short)%00%(objectname)%00%(upstream:track)%00%(upstream:remotename)%00%(upstream:remoteref) refs/heads/main refs/remotes/main [2ms]
2024-08-01 16:59:06.161 [warning] ENOENT: no such file or directory, open '/workspace/project/.git/refs/remotes/origin/main'
2024-08-01 16:59:06.163 [info] > git rev-parse refs/remotes/origin/main [2ms]
2024-08-01 16:59:06.172 [info] > git status -z -uall [3ms]
2024-08-01 16:59:06.182 [info] > git for-each-ref --format=%(refname)%00%(upstream:short)%00%(objectname)%00%(upstream:track)%00%(upstream:remotename)%00%(upstream:remoteref) refs/heads/main refs/remotes/main [2ms]
2024-08-01 16:59:06.190 [info] > git config --local branch.main.vscode-merge-base [1ms]
2024-08-01 16:59:06.198 [info] > git for-each-ref --format=%(refname)%00%(upstream:short)%00%(objectname)%00%(upstream:track)%00%(upstream:remotename)%00%(upstream:remoteref) refs/heads/origin/main refs/remotes/origin/main [3ms]
2024-08-01 16:59:09.182 [info] > git config --local branch.main.github-pr-owner-number [125ms]
2024-08-01 16:59:09.182 [warning] git config failed: Failed to execute git
2024-08-01 16:59:11.196 [info] > git config --get commit.template [7ms]
2024-08-01 16:59:11.198 [info] > git for-each-ref --format=%(refname)%00%(upstream:short)%00%(objectname)%00%(upstream:track)%00%(upstream:remotename)%00%(upstream:remoteref) refs/heads/main refs/remotes/main [3ms]
2024-08-01 16:59:11.204 [warning] ENOENT: no such file or directory, open '/workspace/project/.git/refs/remotes/origin/main'
2024-08-01 16:59:11.205 [info] > git rev-parse refs/remotes/origin/main [1ms]
2024-08-01 16:59:11.213 [info] > git status -z -uall [2ms]
2024-08-01 16:59:11.222 [info] > git for-each-ref --format=%(refname)%00%(upstream:short)%00%(objectname)%00%(upstream:track)%00%(upstream:remotename)%00%(upstream:remoteref) refs/heads/main refs/remotes/main [2ms]
2024-08-01 16:59:11.229 [info] > git config --local branch.main.vscode-merge-base [1ms]
2024-08-01 16:59:11.236 [info] > git for-each-ref --format=%(refname)%00%(upstream:short)%00%(objectname)%00%(upstream:track)%00%(upstream:remotename)%00%(upstream:remoteref) refs/heads/origin/main refs/remotes/origin/main [2ms]
2024-08-01 16:59:49.165 [info] > git config --get commit.template [7ms]
2024-08-01 16:59:49.167 [info] > git for-each-ref --format=%(refname)%00%(upstream:short)%00%(objectname)%00%(upstream:track)%00%(upstream:remotename)%00%(upstream:remoteref) refs/heads/main refs/remotes/main [3ms]
2024-08-01 16:59:49.174 [warning] ENOENT: no such file or directory, open '/workspace/project/.git/refs/remotes/origin/main'
2024-08-01 16:59:49.176 [info] > git rev-parse refs/remotes/origin/main [2ms]
2024-08-01 16:59:49.184 [info] > git status -z -uall [2ms]
2024-08-01 16:59:49.481 [info] > git for-each-ref --format=%(refname)%00%(upstream:short)%00%(objectname)%00%(upstream:track)%00%(upstream:remotename)%00%(upstream:remoteref) refs/heads/main refs/remotes/main [289ms]
2024-08-01 16:59:49.491 [info] > git config --local branch.main.vscode-merge-base [2ms]
2024-08-01 16:59:49.564 [info] > git for-each-ref --format=%(refname)%00%(upstream:short)%00%(objectname)%00%(upstream:track)%00%(upstream:remotename)%00%(upstream:remoteref) refs/heads/origin/main refs/remotes/origin/main [67ms]
2024-08-01 16:59:49.574 [info] > git merge-base refs/heads/main refs/remotes/origin/main [3ms]
2024-08-01 16:59:49.583 [info] > git rev-list --count --left-right refs/heads/main...refs/remotes/origin/main [3ms]
2024-08-01 16:59:49.591 [info] > git diff --name-status -z --diff-filter=ADMR 8d4fd5c9cbd4603c33190bb9d70bbbf3ade80fb2...refs/remotes/origin/main [2ms]
2024-08-01 16:59:49.674 [info] > git check-ignore -v -z --stdin [2ms]
2024-08-01 16:59:50.155 [info] > git config --local branch.main.github-pr-owner-number [291ms]
2024-08-01 16:59:50.155 [warning] git config failed: Failed to execute git
2024-08-01 16:59:54.210 [info] > git config --get commit.template [6ms]
2024-08-01 16:59:54.212 [info] > git for-each-ref --format=%(refname)%00%(upstream:short)%00%(objectname)%00%(upstream:track)%00%(upstream:remotename)%00%(upstream:remoteref) refs/heads/main refs/remotes/main [3ms]
2024-08-01 16:59:54.217 [warning] ENOENT: no such file or directory, open '/workspace/project/.git/refs/remotes/origin/main'
2024-08-01 16:59:54.218 [info] > git rev-parse refs/remotes/origin/main [1ms]
2024-08-01 16:59:54.225 [info] > git status -z -uall [2ms]
2024-08-01 16:59:54.344 [info] > git for-each-ref --format=%(refname)%00%(upstream:short)%00%(objectname)%00%(upstream:track)%00%(upstream:remotename)%00%(upstream:remoteref) refs/heads/main refs/remotes/main [113ms]
2024-08-01 16:59:54.354 [info] > git config --local branch.main.vscode-merge-base [3ms]
2024-08-01 16:59:54.371 [info] > git for-each-ref --format=%(refname)%00%(upstream:short)%00%(objectname)%00%(upstream:track)%00%(upstream:remotename)%00%(upstream:remoteref) refs/heads/origin/main refs/remotes/origin/main [10ms]
2024-08-01 16:59:54.388 [info] > git merge-base refs/heads/main refs/remotes/origin/main [11ms]
2024-08-01 16:59:54.396 [info] > git rev-list --count --left-right refs/heads/main...refs/remotes/origin/main [2ms]
2024-08-01 16:59:54.404 [info] > git diff --name-status -z --diff-filter=ADMR 8d4fd5c9cbd4603c33190bb9d70bbbf3ade80fb2...refs/remotes/origin/main [2ms]
2024-08-01 16:59:54.726 [info] > git config --local branch.main.github-pr-owner-number [104ms]
2024-08-01 16:59:54.726 [warning] git config failed: Failed to execute git
2024-08-01 16:59:59.249 [info] > git config --get commit.template [7ms]
2024-08-01 16:59:59.251 [info] > git for-each-ref --format=%(refname)%00%(upstream:short)%00%(objectname)%00%(upstream:track)%00%(upstream:remotename)%00%(upstream:remoteref) refs/heads/main refs/remotes/main [3ms]
2024-08-01 16:59:59.257 [warning] ENOENT: no such file or directory, open '/workspace/project/.git/refs/remotes/origin/main'
2024-08-01 16:59:59.258 [info] > git rev-parse refs/remotes/origin/main [1ms]
2024-08-01 16:59:59.266 [info] > git status -z -uall [2ms]
2024-08-01 16:59:59.275 [info] > git for-each-ref --format=%(refname)%00%(upstream:short)%00%(objectname)%00%(upstream:track)%00%(upstream:remotename)%00%(upstream:remoteref) refs/heads/main refs/remotes/main [2ms]
2024-08-01 16:59:59.283 [info] > git config --local branch.main.vscode-merge-base [1ms]
2024-08-01 16:59:59.291 [info] > git for-each-ref --format=%(refname)%00%(upstream:short)%00%(objectname)%00%(upstream:track)%00%(upstream:remotename)%00%(upstream:remoteref) refs/heads/origin/main refs/remotes/origin/main [2ms]
2024-08-01 17:00:18.303 [info] > git config --get commit.template [6ms]
2024-08-01 17:00:18.306 [info] > git for-each-ref --format=%(refname)%00%(upstream:short)%00%(objectname)%00%(upstream:track)%00%(upstream:remotename)%00%(upstream:remoteref) refs/heads/main refs/remotes/main [3ms]
2024-08-01 17:00:18.311 [warning] ENOENT: no such file or directory, open '/workspace/project/.git/refs/remotes/origin/main'
2024-08-01 17:00:18.313 [info] > git rev-parse refs/remotes/origin/main [2ms]
2024-08-01 17:00:18.322 [info] > git status -z -uall [3ms]
2024-08-01 17:00:18.331 [info] > git for-each-ref --format=%(refname)%00%(upstream:short)%00%(objectname)%00%(upstream:track)%00%(upstream:remotename)%00%(upstream:remoteref) refs/heads/main refs/remotes/main [2ms]
2024-08-01 17:00:18.339 [info] > git config --local branch.main.vscode-merge-base [1ms]
2024-08-01 17:00:18.345 [info] > git for-each-ref --format=%(refname)%00%(upstream:short)%00%(objectname)%00%(upstream:track)%00%(upstream:remotename)%00%(upstream:remoteref) refs/heads/origin/main refs/remotes/origin/main [1ms]
2024-08-01 17:04:08.451 [info] > git config --local branch.main.github-pr-owner-number [2ms]
2024-08-01 17:04:08.451 [warning] git config failed: Failed to execute git
2024-08-01 17:08:58.616 [info] > git config --get commit.template [9ms]
2024-08-01 17:08:58.617 [info] > git for-each-ref --format=%(refname)%00%(upstream:short)%00%(objectname)%00%(upstream:track)%00%(upstream:remotename)%00%(upstream:remoteref) refs/heads/main refs/remotes/main [3ms]
2024-08-01 17:08:58.623 [warning] ENOENT: no such file or directory, open '/workspace/project/.git/refs/remotes/origin/main'
2024-08-01 17:08:58.625 [info] > git rev-parse refs/remotes/origin/main [2ms]
2024-08-01 17:08:58.634 [info] > git status -z -uall [2ms]
2024-08-01 17:08:58.645 [info] > git for-each-ref --format=%(refname)%00%(upstream:short)%00%(objectname)%00%(upstream:track)%00%(upstream:remotename)%00%(upstream:remoteref) refs/heads/main refs/remotes/main [3ms]
2024-08-01 17:08:58.655 [info] > git config --local branch.main.vscode-merge-base [3ms]
2024-08-01 17:08:58.664 [info] > git for-each-ref --format=%(refname)%00%(upstream:short)%00%(objectname)%00%(upstream:track)%00%(upstream:remotename)%00%(upstream:remoteref) refs/heads/origin/main refs/remotes/origin/main [2ms]
2024-08-01 17:09:06.292 [info] > git config --get commit.template [7ms]
2024-08-01 17:09:06.294 [info] > git for-each-ref --format=%(refname)%00%(upstream:short)%00%(objectname)%00%(upstream:track)%00%(upstream:remotename)%00%(upstream:remoteref) refs/heads/main refs/remotes/main [3ms]
2024-08-01 17:09:06.300 [warning] ENOENT: no such file or directory, open '/workspace/project/.git/refs/remotes/origin/main'
2024-08-01 17:09:06.302 [info] > git rev-parse refs/remotes/origin/main [2ms]
2024-08-01 17:09:06.310 [info] > git status -z -uall [3ms]
2024-08-01 17:09:06.321 [info] > git for-each-ref --format=%(refname)%00%(upstream:short)%00%(objectname)%00%(upstream:track)%00%(upstream:remotename)%00%(upstream:remoteref) refs/heads/main refs/remotes/main [3ms]
2024-08-01 17:09:06.331 [info] > git config --local branch.main.vscode-merge-base [2ms]
2024-08-01 17:09:06.338 [info] > git for-each-ref --format=%(refname)%00%(upstream:short)%00%(objectname)%00%(upstream:track)%00%(upstream:remotename)%00%(upstream:remoteref) refs/heads/origin/main refs/remotes/origin/main [2ms]
2024-08-01 17:09:08.461 [info] > git config --local branch.main.github-pr-owner-number [2ms]
2024-08-01 17:09:08.461 [warning] git config failed: Failed to execute git
2024-08-01 17:09:31.206 [info] > git config --get commit.template [9ms]
2024-08-01 17:09:31.208 [info] > git for-each-ref --format=%(refname)%00%(upstream:short)%00%(objectname)%00%(upstream:track)%00%(upstream:remotename)%00%(upstream:remoteref) refs/heads/main refs/remotes/main [3ms]
2024-08-01 17:09:31.216 [warning] ENOENT: no such file or directory, open '/workspace/project/.git/refs/remotes/origin/main'
2024-08-01 17:09:31.218 [info] > git rev-parse refs/remotes/origin/main [2ms]
2024-08-01 17:09:31.227 [info] > git status -z -uall [3ms]
2024-08-01 17:09:31.238 [info] > git for-each-ref --format=%(refname)%00%(upstream:short)%00%(objectname)%00%(upstream:track)%00%(upstream:remotename)%00%(upstream:remoteref) refs/heads/main refs/remotes/main [4ms]
2024-08-01 17:09:31.248 [info] > git config --local branch.main.vscode-merge-base [2ms]
2024-08-01 17:09:31.258 [info] > git for-each-ref --format=%(refname)%00%(upstream:short)%00%(objectname)%00%(upstream:track)%00%(upstream:remotename)%00%(upstream:remoteref) refs/heads/origin/main refs/remotes/origin/main [2ms]
2024-08-01 17:09:31.726 [info] > git check-ignore -v -z --stdin [2ms]
2024-08-01 17:09:34.313 [info] > git show --textconv :salon.sh [8ms]
2024-08-01 17:09:34.314 [info] > git ls-files --stage -- /workspace/project/salon.sh [2ms]
2024-08-01 17:09:52.401 [info] > git config --get commit.template [2ms]
2024-08-01 17:09:52.415 [info] > git for-each-ref --format=%(refname)%00%(upstream:short)%00%(objectname)%00%(upstream:track)%00%(upstream:remotename)%00%(upstream:remoteref) refs/heads/main refs/remotes/main [4ms]
2024-08-01 17:09:52.425 [warning] ENOENT: no such file or directory, open '/workspace/project/.git/refs/remotes/origin/main'
2024-08-01 17:09:52.429 [info] > git rev-parse refs/remotes/origin/main [5ms]
2024-08-01 17:09:52.446 [info] > git status -z -uall [6ms]
2024-08-01 17:09:52.468 [info] > git for-each-ref --format=%(refname)%00%(upstream:short)%00%(objectname)%00%(upstream:track)%00%(upstream:remotename)%00%(upstream:remoteref) refs/heads/main refs/remotes/main [10ms]
2024-08-01 17:09:52.480 [info] > git config --local branch.main.vscode-merge-base [3ms]
2024-08-01 17:09:52.497 [info] > git for-each-ref --format=%(refname)%00%(upstream:short)%00%(objectname)%00%(upstream:track)%00%(upstream:remotename)%00%(upstream:remoteref) refs/heads/origin/main refs/remotes/origin/main [7ms]
2024-08-01 17:09:57.487 [info] > git config --get commit.template [11ms]
2024-08-01 17:09:57.489 [info] > git for-each-ref --format=%(refname)%00%(upstream:short)%00%(objectname)%00%(upstream:track)%00%(upstream:remotename)%00%(upstream:remoteref) refs/heads/main refs/remotes/main [5ms]
2024-08-01 17:09:57.498 [warning] ENOENT: no such file or directory, open '/workspace/project/.git/refs/remotes/origin/main'
2024-08-01 17:09:57.500 [info] > git rev-parse refs/remotes/origin/main [2ms]
2024-08-01 17:09:57.512 [info] > git status -z -uall [4ms]
2024-08-01 17:09:57.525 [info] > git for-each-ref --format=%(refname)%00%(upstream:short)%00%(objectname)%00%(upstream:track)%00%(upstream:remotename)%00%(upstream:remoteref) refs/heads/main refs/remotes/main [4ms]
2024-08-01 17:09:57.536 [info] > git config --local branch.main.vscode-merge-base [2ms]
2024-08-01 17:09:57.549 [info] > git for-each-ref --format=%(refname)%00%(upstream:short)%00%(objectname)%00%(upstream:track)%00%(upstream:remotename)%00%(upstream:remoteref) refs/heads/origin/main refs/remotes/origin/main [3ms]
2024-08-01 17:10:05.578 [info] > git config --get commit.template [10ms]
2024-08-01 17:10:05.580 [info] > git for-each-ref --format=%(refname)%00%(upstream:short)%00%(objectname)%00%(upstream:track)%00%(upstream:remotename)%00%(upstream:remoteref) refs/heads/main refs/remotes/main [3ms]
2024-08-01 17:10:05.589 [warning] ENOENT: no such file or directory, open '/workspace/project/.git/refs/remotes/origin/main'
2024-08-01 17:10:05.591 [info] > git rev-parse refs/remotes/origin/main [2ms]
2024-08-01 17:10:05.603 [info] > git status -z -uall [4ms]
2024-08-01 17:10:05.618 [info] > git for-each-ref --format=%(refname)%00%(upstream:short)%00%(objectname)%00%(upstream:track)%00%(upstream:remotename)%00%(upstream:remoteref) refs/heads/main refs/remotes/main [4ms]
2024-08-01 17:10:05.629 [info] > git config --local branch.main.vscode-merge-base [3ms]
2024-08-01 17:10:05.641 [info] > git for-each-ref --format=%(refname)%00%(upstream:short)%00%(objectname)%00%(upstream:track)%00%(upstream:remotename)%00%(upstream:remoteref) refs/heads/origin/main refs/remotes/origin/main [2ms]
2024-08-01 17:10:10.636 [info] > git config --get commit.template [9ms]
2024-08-01 17:10:10.639 [info] > git for-each-ref --format=%(refname)%00%(upstream:short)%00%(objectname)%00%(upstream:track)%00%(upstream:remotename)%00%(upstream:remoteref) refs/heads/main refs/remotes/main [4ms]
2024-08-01 17:10:10.650 [warning] ENOENT: no such file or directory, open '/workspace/project/.git/refs/remotes/origin/main'
2024-08-01 17:10:10.654 [info] > git rev-parse refs/remotes/origin/main [4ms]
2024-08-01 17:10:10.667 [info] > git status -z -uall [4ms]
2024-08-01 17:10:10.682 [info] > git for-each-ref --format=%(refname)%00%(upstream:short)%00%(objectname)%00%(upstream:track)%00%(upstream:remotename)%00%(upstream:remoteref) refs/heads/main refs/remotes/main [4ms]
2024-08-01 17:10:10.692 [info] > git config --local branch.main.vscode-merge-base [2ms]
2024-08-01 17:10:10.705 [info] > git for-each-ref --format=%(refname)%00%(upstream:short)%00%(objectname)%00%(upstream:track)%00%(upstream:remotename)%00%(upstream:remoteref) refs/heads/origin/main refs/remotes/origin/main [2ms]
2024-08-01 17:10:24.433 [info] > git config --get commit.template [7ms]
2024-08-01 17:10:24.436 [info] > git for-each-ref --format=%(refname)%00%(upstream:short)%00%(objectname)%00%(upstream:track)%00%(upstream:remotename)%00%(upstream:remoteref) refs/heads/main refs/remotes/main [3ms]
2024-08-01 17:10:24.444 [warning] ENOENT: no such file or directory, open '/workspace/project/.git/refs/remotes/origin/main'
2024-08-01 17:10:24.447 [info] > git rev-parse refs/remotes/origin/main [3ms]
2024-08-01 17:10:24.459 [info] > git status -z -uall [4ms]
2024-08-01 17:10:24.470 [info] > git for-each-ref --format=%(refname)%00%(upstream:short)%00%(objectname)%00%(upstream:track)%00%(upstream:remotename)%00%(upstream:remoteref) refs/heads/main refs/remotes/main [4ms]
2024-08-01 17:10:24.481 [info] > git config --local branch.main.vscode-merge-base [3ms]
2024-08-01 17:10:24.492 [info] > git for-each-ref --format=%(refname)%00%(upstream:short)%00%(objectname)%00%(upstream:track)%00%(upstream:remotename)%00%(upstream:remoteref) refs/heads/origin/main refs/remotes/origin/main [3ms]
2024-08-01 17:10:47.243 [info] > git config --get commit.template [9ms]
2024-08-01 17:10:47.245 [info] > git for-each-ref --format=%(refname)%00%(upstream:short)%00%(objectname)%00%(upstream:track)%00%(upstream:remotename)%00%(upstream:remoteref) refs/heads/main refs/remotes/main [3ms]
2024-08-01 17:10:47.253 [warning] ENOENT: no such file or directory, open '/workspace/project/.git/refs/remotes/origin/main'
2024-08-01 17:10:47.256 [info] > git rev-parse refs/remotes/origin/main [2ms]
2024-08-01 17:10:47.266 [info] > git status -z -uall [4ms]
2024-08-01 17:10:47.278 [info] > git for-each-ref --format=%(refname)%00%(upstream:short)%00%(objectname)%00%(upstream:track)%00%(upstream:remotename)%00%(upstream:remoteref) refs/heads/main refs/remotes/main [3ms]
2024-08-01 17:10:47.287 [info] > git config --local branch.main.vscode-merge-base [2ms]
2024-08-01 17:10:47.295 [info] > git for-each-ref --format=%(refname)%00%(upstream:short)%00%(objectname)%00%(upstream:track)%00%(upstream:remotename)%00%(upstream:remoteref) refs/heads/origin/main refs/remotes/origin/main [2ms]
2024-08-01 17:10:58.414 [info] > git config --get commit.template [8ms]
2024-08-01 17:10:58.416 [info] > git for-each-ref --format=%(refname)%00%(upstream:short)%00%(objectname)%00%(upstream:track)%00%(upstream:remotename)%00%(upstream:remoteref) refs/heads/main refs/remotes/main [3ms]
2024-08-01 17:10:58.421 [warning] ENOENT: no such file or directory, open '/workspace/project/.git/refs/remotes/origin/main'
2024-08-01 17:10:58.423 [info] > git rev-parse refs/remotes/origin/main [2ms]
2024-08-01 17:10:58.431 [info] > git status -z -uall [2ms]
2024-08-01 17:10:58.440 [info] > git for-each-ref --format=%(refname)%00%(upstream:short)%00%(objectname)%00%(upstream:track)%00%(upstream:remotename)%00%(upstream:remoteref) refs/heads/main refs/remotes/main [3ms]
2024-08-01 17:10:58.447 [info] > git config --local branch.main.vscode-merge-base [2ms]
2024-08-01 17:10:58.455 [info] > git for-each-ref --format=%(refname)%00%(upstream:short)%00%(objectname)%00%(upstream:track)%00%(upstream:remotename)%00%(upstream:remoteref) refs/heads/origin/main refs/remotes/origin/main [2ms]
2024-08-01 17:12:25.165 [info] > git config --get commit.template [5ms]
2024-08-01 17:12:25.167 [info] > git for-each-ref --format=%(refname)%00%(upstream:short)%00%(objectname)%00%(upstream:track)%00%(upstream:remotename)%00%(upstream:remoteref) refs/heads/main refs/remotes/main [3ms]
2024-08-01 17:12:25.172 [warning] ENOENT: no such file or directory, open '/workspace/project/.git/refs/remotes/origin/main'
2024-08-01 17:12:25.174 [info] > git rev-parse refs/remotes/origin/main [2ms]
2024-08-01 17:12:25.182 [info] > git status -z -uall [3ms]
2024-08-01 17:12:25.191 [info] > git for-each-ref --format=%(refname)%00%(upstream:short)%00%(objectname)%00%(upstream:track)%00%(upstream:remotename)%00%(upstream:remoteref) refs/heads/main refs/remotes/main [3ms]
2024-08-01 17:12:25.200 [info] > git config --local branch.main.vscode-merge-base [2ms]
2024-08-01 17:12:25.209 [info] > git for-each-ref --format=%(refname)%00%(upstream:short)%00%(objectname)%00%(upstream:track)%00%(upstream:remotename)%00%(upstream:remoteref) refs/heads/origin/main refs/remotes/origin/main [2ms]
2024-08-01 17:12:42.636 [info] > git config --get commit.template [8ms]
2024-08-01 17:12:42.638 [info] > git for-each-ref --format=%(refname)%00%(upstream:short)%00%(objectname)%00%(upstream:track)%00%(upstream:remotename)%00%(upstream:remoteref) refs/heads/main refs/remotes/main [2ms]
2024-08-01 17:12:42.645 [warning] ENOENT: no such file or directory, open '/workspace/project/.git/refs/remotes/origin/main'
2024-08-01 17:12:42.646 [info] > git rev-parse refs/remotes/origin/main [1ms]
2024-08-01 17:12:42.655 [info] > git status -z -uall [3ms]
2024-08-01 17:12:42.665 [info] > git for-each-ref --format=%(refname)%00%(upstream:short)%00%(objectname)%00%(upstream:track)%00%(upstream:remotename)%00%(upstream:remoteref) refs/heads/main refs/remotes/main [3ms]
2024-08-01 17:12:42.674 [info] > git config --local branch.main.vscode-merge-base [2ms]
2024-08-01 17:12:42.685 [info] > git for-each-ref --format=%(refname)%00%(upstream:short)%00%(objectname)%00%(upstream:track)%00%(upstream:remotename)%00%(upstream:remoteref) refs/heads/origin/main refs/remotes/origin/main [3ms]
2024-08-01 17:13:09.548 [info] > git config --get commit.template [8ms]
2024-08-01 17:13:09.550 [info] > git for-each-ref --format=%(refname)%00%(upstream:short)%00%(objectname)%00%(upstream:track)%00%(upstream:remotename)%00%(upstream:remoteref) refs/heads/main refs/remotes/main [3ms]
2024-08-01 17:13:09.558 [warning] ENOENT: no such file or directory, open '/workspace/project/.git/refs/remotes/origin/main'
2024-08-01 17:13:09.560 [info] > git rev-parse refs/remotes/origin/main [2ms]
2024-08-01 17:13:09.570 [info] > git status -z -uall [3ms]
2024-08-01 17:13:09.579 [info] > git for-each-ref --format=%(refname)%00%(upstream:short)%00%(objectname)%00%(upstream:track)%00%(upstream:remotename)%00%(upstream:remoteref) refs/heads/main refs/remotes/main [3ms]
2024-08-01 17:13:09.586 [info] > git config --local branch.main.vscode-merge-base [1ms]
2024-08-01 17:13:09.595 [info] > git for-each-ref --format=%(refname)%00%(upstream:short)%00%(objectname)%00%(upstream:track)%00%(upstream:remotename)%00%(upstream:remoteref) refs/heads/origin/main refs/remotes/origin/main [2ms]
2024-08-01 17:13:19.805 [info] > git config --get commit.template [6ms]
2024-08-01 17:13:19.808 [info] > git for-each-ref --format=%(refname)%00%(upstream:short)%00%(objectname)%00%(upstream:track)%00%(upstream:remotename)%00%(upstream:remoteref) refs/heads/main refs/remotes/main [2ms]
2024-08-01 17:13:19.813 [warning] ENOENT: no such file or directory, open '/workspace/project/.git/refs/remotes/origin/main'
2024-08-01 17:13:19.815 [info] > git rev-parse refs/remotes/origin/main [2ms]
2024-08-01 17:13:19.823 [info] > git status -z -uall [3ms]
2024-08-01 17:13:19.947 [info] > git for-each-ref --format=%(refname)%00%(upstream:short)%00%(objectname)%00%(upstream:track)%00%(upstream:remotename)%00%(upstream:remoteref) refs/heads/main refs/remotes/main [118ms]
2024-08-01 17:13:19.956 [info] > git config --local branch.main.vscode-merge-base [2ms]
2024-08-01 17:13:19.971 [info] > git for-each-ref --format=%(refname)%00%(upstream:short)%00%(objectname)%00%(upstream:track)%00%(upstream:remotename)%00%(upstream:remoteref) refs/heads/origin/main refs/remotes/origin/main [9ms]
2024-08-01 17:13:19.981 [info] > git merge-base refs/heads/main refs/remotes/origin/main [4ms]
2024-08-01 17:13:19.991 [info] > git rev-list --count --left-right refs/heads/main...refs/remotes/origin/main [3ms]
2024-08-01 17:13:20.000 [info] > git diff --name-status -z --diff-filter=ADMR 8d4fd5c9cbd4603c33190bb9d70bbbf3ade80fb2...refs/remotes/origin/main [3ms]
2024-08-01 17:13:20.477 [info] > git config --local branch.main.github-pr-owner-number [109ms]
2024-08-01 17:13:20.477 [warning] git config failed: Failed to execute git
2024-08-01 17:14:08.470 [info] > git config --local branch.main.github-pr-owner-number [2ms]
2024-08-01 17:14:08.470 [warning] git config failed: Failed to execute git
