2024-08-01 16:59:05.832 [warning] /home/gitpod/.ssh/config: ENOENT: no such file or directory, open '/home/gitpod/.ssh/config'
2024-08-01 16:59:05.832 [info] Activation> Extension version: 0.92.0
2024-08-01 16:59:08.436 [info] Looking for git repository
2024-08-01 16:59:08.436 [info] Found 0 repositories during activation
2024-08-01 16:59:08.436 [info] Git repository found, initializing review manager and pr tree view.
2024-08-01 16:59:08.440 [info] Registering git provider
2024-08-01 16:59:08.440 [info] Review+0> Validate state in progress
2024-08-01 16:59:08.440 [info] Review+0> Validating state...
2024-08-01 16:59:08.785 [info] Found GitHub remote for folder /workspace/project
2024-08-01 16:59:09.050 [info] Trying to use globalState for assignableUsers.
2024-08-01 16:59:09.183 [info] Review+0> No matching pull request metadata found locally for current branch main
2024-08-01 16:59:09.420 [info] Review+0> No matching pull request metadata found on GitHub for current branch main
2024-08-01 16:59:09.501 [info] GlobalState does not exist for assignableUsers.
2024-08-01 16:59:11.221 [info] Repo state for file:///workspace/project changed.
2024-08-01 16:59:11.221 [info] Repo file:///workspace/project has already been setup.
2024-08-01 16:59:49.196 [info] Review+0> Validate state in progress
2024-08-01 16:59:49.196 [info] Review+0> Validating state...
2024-08-01 16:59:49.854 [info] Found GitHub remote for folder /workspace/project
2024-08-01 16:59:49.855 [info] Using in-memory cached assignable users.
2024-08-01 16:59:50.155 [info] Review+0> No matching pull request metadata found locally for current branch main
2024-08-01 16:59:50.461 [info] Review+0> No matching pull request metadata found on GitHub for current branch main
2024-08-01 16:59:54.233 [info] Review+0> Validate state in progress
2024-08-01 16:59:54.234 [info] Review+0> Validating state...
2024-08-01 16:59:54.615 [info] Found GitHub remote for folder /workspace/project
2024-08-01 16:59:54.616 [info] Using in-memory cached assignable users.
2024-08-01 16:59:54.726 [info] Review+0> No matching pull request metadata found locally for current branch main
2024-08-01 16:59:54.958 [info] Review+0> No matching pull request metadata found on GitHub for current branch main
2024-08-01 17:13:19.832 [info] Review+0> Validate state in progress
2024-08-01 17:13:19.832 [info] Review+0> Validating state...
2024-08-01 17:13:20.359 [info] Found GitHub remote for folder /workspace/project
2024-08-01 17:13:20.360 [info] Using in-memory cached assignable users.
2024-08-01 17:13:20.477 [info] Review+0> No matching pull request metadata found locally for current branch main
2024-08-01 17:13:20.748 [info] Review+0> No matching pull request metadata found on GitHub for current branch main
