2024-08-01 17:22:30.346 [info] Log level: Info
2024-08-01 17:22:30.468 [info] VSCODE_MACHINE_ID: 09bd7fb3-1bd2-4812-b382-59855a4e9baa
2024-08-01 17:22:30.468 [info] VSCODE_SESSION_ID: 59f4fa12-4ae1-4b25-8aa0-5e3acc643d731722532901903
2024-08-01 17:22:30.468 [info] VSCODE_VERSION: 1.91.1
2024-08-01 17:22:30.468 [info] VSCODE_APP_NAME: Gitpod Code
2024-08-01 17:22:30.468 [info] VSCODE_APP_HOST: Gitpod
2024-08-01 17:22:30.468 [info] VSCODE_UI_KIND: web
2024-08-01 17:22:30.468 [info] GITPOD_WORKSPACE_CONTEXT_URL: https://github.com/freeCodeCamp/learn-salon-appointment-scheduler
2024-08-01 17:22:30.468 [info] GITPOD_INSTANCE_ID: d3c2426c-fa06-4e9d-893d-c853311b1b87
2024-08-01 17:22:30.468 [info] GITPOD_WORKSPACE_URL: https://freecodecam-learnsalona-b8ndyqtykgr.ws-us115.gitpod.io
2024-08-01 17:22:30.475 [info] Gitpod Web 7ff72a2
2024-08-01 17:22:30.475 [info] Reading sessions from keychain...
2024-08-01 17:22:31.758 [info] Getting sessions for all scopes...
2024-08-01 17:22:31.758 [info] Getting GitHub sessions for all scopes...
2024-08-01 17:22:31.758 [info] Getting sessions for function:accessCodeSyncStorage...
2024-08-01 17:22:31.758 [info] Got 1 GitHub sessions for all scopes...
2024-08-01 17:22:31.758 [info] Got stored sessions!
2024-08-01 17:22:31.759 [info] Verified session with the following scopes: function:accessCodeSyncStorage function:closePort function:controlAdmission function:deleteEnvVar function:generateNewGitpodToken function:getDefaultWorkspaceImage function:getEnvVars function:getGitpodTokenScopes function:getIDToken function:getLoggedInUser function:getOpenPorts function:getSupportedWorkspaceClasses function:getTeams function:getToken function:getWorkspace function:getWorkspaceEnvVars function:getWorkspaceOwner function:getWorkspaceTimeout function:getWorkspaceUsers function:guessGitTokenScopes function:isWorkspaceOwner function:openPort function:sendHeartBeat function:setEnvVar function:setWorkspaceTimeout function:stopWorkspace function:takeSnapshot function:trackEvent function:updateGitStatus function:waitForSnapshot resource:contentBlob::*::create/get resource:envVar::freeCodeCamp/learn-salon-appointment-scheduler::create/get/update/delete resource:gitpodToken::*::create resource:snapshot::ws-freecodecam-learnsalona-b8ndyqtykgr::create resource:token::*::get resource:userStorage::*::create/get/update resource:workspace::freecodecam-learnsalona-b8ndyqtykgr::get/update resource:workspaceInstance::d3c2426c-fa06-4e9d-893d-c853311b1b87::get/update/delete
2024-08-01 17:22:31.761 [info] Got 1 verified sessions.
2024-08-01 17:22:31.761 [info] Got 1 sessions for all scopes...
2024-08-01 17:22:31.761 [info] Got 1 sessions for function:accessCodeSyncStorage...
2024-08-01 17:22:32.233 [info] Getting GitHub sessions for all scopes...
2024-08-01 17:22:32.233 [info] Getting sessions for all scopes...
2024-08-01 17:22:32.233 [info] Got 1 GitHub sessions for all scopes...
2024-08-01 17:22:32.233 [info] Got 1 sessions for all scopes...
2024-08-01 17:22:33.250 [info] Getting GitHub sessions for project,read:org,read:user,repo,user:email,workflow...
2024-08-01 17:22:33.250 [info] Got 0 GitHub sessions for project,read:org,read:user,repo,user:email,workflow...
2024-08-01 17:22:34.631 [info] Getting GitHub sessions for read:user,repo,user:email,workflow...
2024-08-01 17:22:34.631 [info] Got 1 GitHub sessions for read:user,repo,user:email,workflow...
2024-08-01 17:22:35.587 [info] Getting GitHub sessions for read:user,repo,user:email,workflow...
2024-08-01 17:22:35.587 [info] Got 1 GitHub sessions for read:user,repo,user:email,workflow...
